INFO  | 2023-03-04 09:02:44 | [main] impl.AccountServiceImpl (AccountServiceImpl.java:48) - time taken to ex transfer method is 0 ms
INFO  | 2023-03-04 09:03:21 | [main] impl.AccountServiceImpl (AccountServiceImpl.java:55) - time taken to ex transfer method is 1000 ms
WARN  | 2023-03-04 09:09:02 | [main] support.AbstractApplicationContext (AbstractApplicationContext.java:559) - Exception encountered during context initialization - cancelling refresh attempt: org.springframework.beans.factory.BeanCreationException: Error creating bean with name 'accountDaoMapImpl' defined in file [/home/raj/Documents/edu_feb_march_23/core/12-bankapp-anno-aop/target/classes/com/bankapp/dao/AccountDaoMapImpl.class]: Initialization of bean failed; nested exception is java.lang.IllegalArgumentException: Pointcut is not well-formed: expecting ')' at character position 35
execution(public void transfer(int fromAccId, int toAccId, double amount) )
                                   ^^^^^^^^^

INFO  | 2023-03-04 09:14:11 | [main] service.LoggingAspect (LoggingAspect.java:24) - time taken to ex transfer method is 1000 ms
INFO  | 2023-03-04 09:14:49 | [main] service.LoggingAspect (LoggingAspect.java:24) - time taken to ex transfer method is 1000 ms
INFO  | 2023-03-04 09:15:52 | [main] aspect.LoggingAspect (LoggingAspect.java:24) - time taken to ex transfer method is 1001 ms
WARN  | 2023-03-04 09:17:46 | [main] support.AbstractApplicationContext (AbstractApplicationContext.java:559) - Exception encountered during context initialization - cancelling refresh attempt: org.springframework.beans.factory.BeanCreationException: Error creating bean with name 'accountDaoMapImpl' defined in file [/home/raj/Documents/edu_feb_march_23/core/12-bankapp-anno-aop/target/classes/com/bankapp/dao/AccountDaoMapImpl.class]: BeanPostProcessor before instantiation of bean failed; nested exception is java.lang.IllegalArgumentException: ProceedingJoinPoint is only supported for around advice
WARN  | 2023-03-04 09:18:11 | [main] support.AbstractApplicationContext (AbstractApplicationContext.java:559) - Exception encountered during context initialization - cancelling refresh attempt: org.springframework.beans.factory.BeanCreationException: Error creating bean with name 'accountDaoMapImpl' defined in file [/home/raj/Documents/edu_feb_march_23/core/12-bankapp-anno-aop/target/classes/com/bankapp/dao/AccountDaoMapImpl.class]: BeanPostProcessor before instantiation of bean failed; nested exception is java.lang.IllegalArgumentException: ProceedingJoinPoint is only supported for around advice
ERROR | 2023-03-04 09:22:45 | [main] aspect.ExceptionAspect (ExceptionAspect.java:18) - Exception occured: now spend day and night to solve it
INFO  | 2023-03-04 09:25:45 | [main] aspect.LoggingAspect (LoggingAspect.java:24) - time taken to ex transfer method is 1 ms
INFO  | 2023-03-04 09:27:39 | [main] aspect.LoggingAspect (LoggingAspect.java:27) - time taken to call getAllmethod is 1 ms
INFO  | 2023-03-04 09:28:02 | [main] aspect.LoggingAspect (LoggingAspect.java:27) - time taken to call getAll() method is 1 ms
INFO  | 2023-03-05 07:25:49 | [main] aspect.LoggingAspect (LoggingAspect.java:27) - time taken to call getAll() method is 0 ms
INFO  | 2023-03-05 07:42:48 | [main] aspect.LoggingAspect (LoggingAspect.java:27) - time taken to call getAll() method is 213 ms
INFO  | 2023-03-05 07:43:26 | [main] aspect.LoggingAspect (LoggingAspect.java:27) - time taken to call getAll() method is 246 ms
INFO  | 2023-03-05 07:43:34 | [main] aspect.LoggingAspect (LoggingAspect.java:27) - time taken to call getAll() method is 239 ms
INFO  | 2023-03-05 07:44:17 | [main] aspect.LoggingAspect (LoggingAspect.java:27) - time taken to call getAll() method is 0 ms
INFO  | 2023-03-05 07:44:46 | [main] aspect.LoggingAspect (LoggingAspect.java:27) - time taken to call getAll() method is 245 ms
WARN  | 2023-03-05 09:26:03 | [main] support.AbstractApplicationContext (AbstractApplicationContext.java:559) - Exception encountered during context initialization - cancelling refresh attempt: org.springframework.beans.factory.UnsatisfiedDependencyException: Error creating bean with name 'accountDaoHibImpl' defined in file [/home/raj/Documents/edu_feb_march_23/core/16-bankapp-hib-anno-xml/target/classes/com/bankapp/dao/AccountDaoHibImpl.class]: Unsatisfied dependency expressed through constructor parameter 0; nested exception is org.springframework.beans.factory.BeanCreationException: Error creating bean with name 'sf' defined in class path resource [beans.xml]: Invocation of init method failed; nested exception is java.lang.NoClassDefFoundError: javax/xml/bind/JAXBException
INFO  | 2023-03-05 09:26:57 | [main] hibernate.Version (Version.java:45) - HHH000412: Hibernate Core {5.2.9.Final}
INFO  | 2023-03-05 09:26:57 | [main] cfg.Environment (Environment.java:213) - HHH000206: hibernate.properties not found
INFO  | 2023-03-05 09:26:57 | [main] java.JavaReflectionManager (JavaReflectionManager.java:66) - HCANN000001: Hibernate Commons Annotations {5.0.1.Final}
INFO  | 2023-03-05 09:26:57 | [main] dialect.Dialect (Dialect.java:157) - HHH000400: Using dialect: org.hibernate.dialect.MySQL57Dialect
ERROR | 2023-03-05 09:26:57 | [main] aspect.ExceptionAspect (ExceptionAspect.java:18) - Exception occured: Could not obtain transaction-synchronized Session for current thread
INFO  | 2023-03-05 09:27:31 | [main] hibernate.Version (Version.java:45) - HHH000412: Hibernate Core {5.2.9.Final}
INFO  | 2023-03-05 09:27:31 | [main] cfg.Environment (Environment.java:213) - HHH000206: hibernate.properties not found
INFO  | 2023-03-05 09:27:31 | [main] java.JavaReflectionManager (JavaReflectionManager.java:66) - HCANN000001: Hibernate Commons Annotations {5.0.1.Final}
INFO  | 2023-03-05 09:27:31 | [main] dialect.Dialect (Dialect.java:157) - HHH000400: Using dialect: org.hibernate.dialect.MySQL57Dialect
ERROR | 2023-03-05 09:27:31 | [main] aspect.ExceptionAspect (ExceptionAspect.java:18) - Exception occured: No query defined for that name [select a from Account a]
INFO  | 2023-03-05 09:28:24 | [main] hibernate.Version (Version.java:45) - HHH000412: Hibernate Core {5.2.9.Final}
INFO  | 2023-03-05 09:28:24 | [main] cfg.Environment (Environment.java:213) - HHH000206: hibernate.properties not found
INFO  | 2023-03-05 09:28:24 | [main] java.JavaReflectionManager (JavaReflectionManager.java:66) - HCANN000001: Hibernate Commons Annotations {5.0.1.Final}
INFO  | 2023-03-05 09:28:24 | [main] dialect.Dialect (Dialect.java:157) - HHH000400: Using dialect: org.hibernate.dialect.MySQL57Dialect
INFO  | 2023-03-05 09:28:25 | [main] internal.QueryTranslatorFactoryInitiator (QueryTranslatorFactoryInitiator.java:47) - HHH000397: Using ASTQueryTranslatorFactory
INFO  | 2023-03-05 09:28:25 | [main] aspect.LoggingAspect (LoggingAspect.java:27) - time taken to call getAll() method is 145 ms
INFO  | 2023-03-05 09:28:58 | [main] hibernate.Version (Version.java:45) - HHH000412: Hibernate Core {5.2.9.Final}
INFO  | 2023-03-05 09:28:58 | [main] cfg.Environment (Environment.java:213) - HHH000206: hibernate.properties not found
INFO  | 2023-03-05 09:28:58 | [main] java.JavaReflectionManager (JavaReflectionManager.java:66) - HCANN000001: Hibernate Commons Annotations {5.0.1.Final}
INFO  | 2023-03-05 09:28:59 | [main] dialect.Dialect (Dialect.java:157) - HHH000400: Using dialect: org.hibernate.dialect.MySQL57Dialect
INFO  | 2023-03-05 09:28:59 | [main] internal.QueryTranslatorFactoryInitiator (QueryTranslatorFactoryInitiator.java:47) - HHH000397: Using ASTQueryTranslatorFactory
INFO  | 2023-03-05 09:28:59 | [main] aspect.LoggingAspect (LoggingAspect.java:27) - time taken to call getAll() method is 116 ms
INFO  | 2023-03-05 09:29:01 | [main] aspect.LoggingAspect (LoggingAspect.java:27) - time taken to call transfer() method is 1018 ms
INFO  | 2023-03-05 09:29:01 | [main] aspect.LoggingAspect (LoggingAspect.java:27) - time taken to call getAll() method is 1 ms
